<?xml version="1.0" encoding="UTF-8"?>
<coverage generated="1672935983011" clover="3.2.0">
  <project timestamp="1672935983011" name="All files">
    <metrics statements="112" coveredstatements="111" conditionals="32" coveredconditionals="31" methods="10" coveredmethods="10" elements="154" coveredelements="152" complexity="0" loc="112" ncloc="112" packages="2" files="5" classes="5"/>
    <package name="src">
      <metrics statements="66" coveredstatements="66" conditionals="17" coveredconditionals="17" methods="5" coveredmethods="5"/>
      <file name="getDifference.js" path="/Users/dashulyaalex/frontend-project-46/src/getDifference.js">
        <metrics statements="32" coveredstatements="32" conditionals="11" coveredconditionals="11" methods="1" coveredmethods="1"/>
        <line num="1" count="1" type="stmt"/>
        <line num="2" count="1" type="stmt"/>
        <line num="3" count="1" type="cond" truecount="1" falsecount="0"/>
        <line num="4" count="10" type="stmt"/>
        <line num="5" count="10" type="stmt"/>
        <line num="6" count="10" type="stmt"/>
        <line num="7" count="10" type="stmt"/>
        <line num="8" count="10" type="stmt"/>
        <line num="9" count="10" type="stmt"/>
        <line num="10" count="10" type="stmt"/>
        <line num="11" count="10" type="stmt"/>
        <line num="12" count="10" type="stmt"/>
        <line num="13" count="10" type="stmt"/>
        <line num="14" count="10" type="cond" truecount="1" falsecount="0"/>
        <line num="15" count="36" type="cond" truecount="2" falsecount="0"/>
        <line num="16" count="8" type="stmt"/>
        <line num="17" count="8" type="cond" truecount="1" falsecount="0"/>
        <line num="18" count="36" type="cond" truecount="1" falsecount="0"/>
        <line num="19" count="10" type="stmt"/>
        <line num="20" count="10" type="cond" truecount="1" falsecount="0"/>
        <line num="21" count="36" type="cond" truecount="1" falsecount="0"/>
        <line num="22" count="4" type="stmt"/>
        <line num="23" count="4" type="cond" truecount="1" falsecount="0"/>
        <line num="24" count="36" type="cond" truecount="1" falsecount="0"/>
        <line num="25" count="8" type="stmt"/>
        <line num="26" count="8" type="cond" truecount="1" falsecount="0"/>
        <line num="27" count="6" type="stmt"/>
        <line num="28" count="10" type="stmt"/>
        <line num="29" count="10" type="stmt"/>
        <line num="30" count="10" type="stmt"/>
        <line num="31" count="1" type="stmt"/>
        <line num="32" count="1" type="stmt"/>
      </file>
      <file name="index.js" path="/Users/dashulyaalex/frontend-project-46/src/index.js">
        <metrics statements="13" coveredstatements="13" conditionals="1" coveredconditionals="1" methods="1" coveredmethods="1"/>
        <line num="1" count="1" type="stmt"/>
        <line num="2" count="1" type="stmt"/>
        <line num="3" count="1" type="stmt"/>
        <line num="4" count="1" type="stmt"/>
        <line num="5" count="1" type="stmt"/>
        <line num="6" count="1" type="cond" truecount="1" falsecount="0"/>
        <line num="7" count="2" type="stmt"/>
        <line num="8" count="2" type="stmt"/>
        <line num="9" count="2" type="stmt"/>
        <line num="10" count="2" type="stmt"/>
        <line num="11" count="2" type="stmt"/>
        <line num="12" count="1" type="stmt"/>
        <line num="13" count="1" type="stmt"/>
      </file>
      <file name="parsers.js" path="/Users/dashulyaalex/frontend-project-46/src/parsers.js">
        <metrics statements="21" coveredstatements="21" conditionals="5" coveredconditionals="5" methods="3" coveredmethods="3"/>
        <line num="1" count="1" type="stmt"/>
        <line num="2" count="1" type="stmt"/>
        <line num="3" count="1" type="stmt"/>
        <line num="4" count="1" type="stmt"/>
        <line num="5" count="1" type="stmt"/>
        <line num="6" count="1" type="cond" truecount="1" falsecount="0"/>
        <line num="7" count="1" type="stmt"/>
        <line num="8" count="1" type="cond" truecount="1" falsecount="0"/>
        <line num="9" count="1" type="stmt"/>
        <line num="10" count="1" type="cond" truecount="1" falsecount="0"/>
        <line num="11" count="4" type="stmt"/>
        <line num="12" count="4" type="stmt"/>
        <line num="13" count="4" type="stmt"/>
        <line num="14" count="4" type="cond" truecount="1" falsecount="0"/>
        <line num="15" count="2" type="stmt"/>
        <line num="16" count="4" type="cond" truecount="1" falsecount="0"/>
        <line num="17" count="2" type="stmt"/>
        <line num="18" count="4" type="stmt"/>
        <line num="19" count="4" type="stmt"/>
        <line num="20" count="1" type="stmt"/>
        <line num="21" count="1" type="stmt"/>
      </file>
    </package>
    <package name="src.formatters">
      <metrics statements="46" coveredstatements="45" conditionals="15" coveredconditionals="14" methods="5" coveredmethods="5"/>
      <file name="index.js" path="/Users/dashulyaalex/frontend-project-46/src/formatters/index.js">
        <metrics statements="8" coveredstatements="8" conditionals="1" coveredconditionals="1" methods="1" coveredmethods="1"/>
        <line num="1" count="1" type="stmt"/>
        <line num="2" count="1" type="stmt"/>
        <line num="3" count="1" type="cond" truecount="1" falsecount="0"/>
        <line num="4" count="2" type="stmt"/>
        <line num="5" count="2" type="stmt"/>
        <line num="6" count="2" type="stmt"/>
        <line num="7" count="2" type="stmt"/>
        <line num="8" count="1" type="stmt"/>
      </file>
      <file name="stylish.js" path="/Users/dashulyaalex/frontend-project-46/src/formatters/stylish.js">
        <metrics statements="38" coveredstatements="37" conditionals="14" coveredconditionals="13" methods="4" coveredmethods="4"/>
        <line num="1" count="1" type="stmt"/>
        <line num="2" count="1" type="stmt"/>
        <line num="3" count="1" type="cond" truecount="1" falsecount="0"/>
        <line num="4" count="1" type="stmt"/>
        <line num="5" count="1" type="cond" truecount="1" falsecount="0"/>
        <line num="6" count="62" type="cond" truecount="1" falsecount="0"/>
        <line num="7" count="48" type="stmt"/>
        <line num="8" count="48" type="cond" truecount="1" falsecount="0"/>
        <line num="9" count="14" type="stmt"/>
        <line num="10" count="14" type="stmt"/>
        <line num="11" count="14" type="cond" truecount="1" falsecount="0"/>
        <line num="12" count="14" type="stmt"/>
        <line num="13" count="14" type="stmt"/>
        <line num="14" count="1" type="stmt"/>
        <line num="15" count="1" type="cond" truecount="1" falsecount="0"/>
        <line num="16" count="10" type="cond" truecount="1" falsecount="0"/>
        <line num="17" count="36" type="stmt"/>
        <line num="18" count="36" type="cond" truecount="1" falsecount="0"/>
        <line num="19" count="10" type="stmt"/>
        <line num="20" count="36" type="cond" truecount="1" falsecount="0"/>
        <line num="21" count="4" type="stmt"/>
        <line num="22" count="36" type="cond" truecount="1" falsecount="0"/>
        <line num="23" count="8" type="stmt"/>
        <line num="24" count="8" type="stmt"/>
        <line num="25" count="8" type="stmt"/>
        <line num="26" count="8" type="stmt"/>
        <line num="27" count="36" type="cond" truecount="1" falsecount="0"/>
        <line num="28" count="6" type="stmt"/>
        <line num="29" count="36" type="cond" truecount="1" falsecount="0"/>
        <line num="30" count="8" type="stmt"/>
        <line num="31" count="36" type="cond" truecount="0" falsecount="1"/>
        <line num="32" count="0" type="stmt"/>
        <line num="33" count="36" type="stmt"/>
        <line num="34" count="10" type="stmt"/>
        <line num="35" count="10" type="stmt"/>
        <line num="36" count="10" type="stmt"/>
        <line num="37" count="1" type="stmt"/>
        <line num="38" count="1" type="cond" truecount="1" falsecount="0"/>
      </file>
    </package>
  </project>
</coverage>
