{"/home/dashulyaalex/frontend-project-46/src/getDifference.js": {"path":"/home/dashulyaalex/frontend-project-46/src/getDifference.js","all":false,"statementMap":{"0":{"start":{"line":1,"column":0},"end":{"line":1,"column":23}},"1":{"start":{"line":2,"column":0},"end":{"line":2,"column":0}},"2":{"start":{"line":3,"column":0},"end":{"line":3,"column":39}},"3":{"start":{"line":4,"column":0},"end":{"line":4,"column":34}},"4":{"start":{"line":5,"column":0},"end":{"line":5,"column":34}},"5":{"start":{"line":6,"column":0},"end":{"line":6,"column":47}},"6":{"start":{"line":7,"column":0},"end":{"line":7,"column":40}},"7":{"start":{"line":8,"column":0},"end":{"line":8,"column":67}},"8":{"start":{"line":9,"column":0},"end":{"line":9,"column":84}},"9":{"start":{"line":10,"column":0},"end":{"line":10,"column":5}},"10":{"start":{"line":11,"column":0},"end":{"line":11,"column":36}},"11":{"start":{"line":12,"column":0},"end":{"line":12,"column":54}},"12":{"start":{"line":13,"column":0},"end":{"line":13,"column":5}},"13":{"start":{"line":14,"column":0},"end":{"line":14,"column":36}},"14":{"start":{"line":15,"column":0},"end":{"line":15,"column":56}},"15":{"start":{"line":16,"column":0},"end":{"line":16,"column":5}},"16":{"start":{"line":17,"column":0},"end":{"line":17,"column":43}},"17":{"start":{"line":18,"column":0},"end":{"line":18,"column":14}},"18":{"start":{"line":19,"column":0},"end":{"line":19,"column":67}},"19":{"start":{"line":20,"column":0},"end":{"line":20,"column":8}},"20":{"start":{"line":21,"column":0},"end":{"line":21,"column":5}},"21":{"start":{"line":22,"column":0},"end":{"line":22,"column":56}},"22":{"start":{"line":23,"column":0},"end":{"line":23,"column":5}},"23":{"start":{"line":24,"column":0},"end":{"line":24,"column":20}},"24":{"start":{"line":25,"column":0},"end":{"line":25,"column":2}},"25":{"start":{"line":26,"column":0},"end":{"line":26,"column":0}},"26":{"start":{"line":27,"column":0},"end":{"line":27,"column":29}}},"s":{"0":1,"1":1,"2":1,"3":30,"4":30,"5":30,"6":30,"7":108,"8":24,"9":24,"10":108,"11":30,"12":30,"13":108,"14":12,"15":12,"16":108,"17":24,"18":24,"19":24,"20":24,"21":18,"22":30,"23":30,"24":30,"25":1,"26":1},"branchMap":{"0":{"type":"branch","line":3,"loc":{"start":{"line":3,"column":22},"end":{"line":25,"column":2}},"locations":[{"start":{"line":3,"column":22},"end":{"line":25,"column":2}}]},"1":{"type":"branch","line":7,"loc":{"start":{"line":7,"column":31},"end":{"line":23,"column":3}},"locations":[{"start":{"line":7,"column":31},"end":{"line":23,"column":3}}]},"2":{"type":"branch","line":8,"loc":{"start":{"line":8,"column":34},"end":{"line":8,"column":64}},"locations":[{"start":{"line":8,"column":34},"end":{"line":8,"column":64}}]},"3":{"type":"branch","line":8,"loc":{"start":{"line":8,"column":66},"end":{"line":10,"column":5}},"locations":[{"start":{"line":8,"column":66},"end":{"line":10,"column":5}}]},"4":{"type":"branch","line":10,"loc":{"start":{"line":10,"column":4},"end":{"line":11,"column":35}},"locations":[{"start":{"line":10,"column":4},"end":{"line":11,"column":35}}]},"5":{"type":"branch","line":11,"loc":{"start":{"line":11,"column":35},"end":{"line":13,"column":5}},"locations":[{"start":{"line":11,"column":35},"end":{"line":13,"column":5}}]},"6":{"type":"branch","line":13,"loc":{"start":{"line":13,"column":4},"end":{"line":14,"column":35}},"locations":[{"start":{"line":13,"column":4},"end":{"line":14,"column":35}}]},"7":{"type":"branch","line":14,"loc":{"start":{"line":14,"column":35},"end":{"line":16,"column":5}},"locations":[{"start":{"line":14,"column":35},"end":{"line":16,"column":5}}]},"8":{"type":"branch","line":16,"loc":{"start":{"line":16,"column":4},"end":{"line":17,"column":42}},"locations":[{"start":{"line":16,"column":4},"end":{"line":17,"column":42}}]},"9":{"type":"branch","line":17,"loc":{"start":{"line":17,"column":42},"end":{"line":21,"column":5}},"locations":[{"start":{"line":17,"column":42},"end":{"line":21,"column":5}}]},"10":{"type":"branch","line":21,"loc":{"start":{"line":21,"column":4},"end":{"line":23,"column":3}},"locations":[{"start":{"line":21,"column":4},"end":{"line":23,"column":3}}]}},"b":{"0":[30],"1":[108],"2":[36],"3":[24],"4":[84],"5":[30],"6":[54],"7":[12],"8":[42],"9":[24],"10":[18]},"fnMap":{"0":{"name":"getDifference","decl":{"start":{"line":3,"column":22},"end":{"line":25,"column":2}},"loc":{"start":{"line":3,"column":22},"end":{"line":25,"column":2}},"line":3}},"f":{"0":30}}
,"/home/dashulyaalex/frontend-project-46/src/index.js": {"path":"/home/dashulyaalex/frontend-project-46/src/index.js","all":false,"statementMap":{"0":{"start":{"line":1,"column":0},"end":{"line":1,"column":24}},"1":{"start":{"line":2,"column":0},"end":{"line":2,"column":34}},"2":{"start":{"line":3,"column":0},"end":{"line":3,"column":23}},"3":{"start":{"line":4,"column":0},"end":{"line":4,"column":37}},"4":{"start":{"line":5,"column":0},"end":{"line":5,"column":47}},"5":{"start":{"line":6,"column":0},"end":{"line":6,"column":46}},"6":{"start":{"line":7,"column":0},"end":{"line":7,"column":0}},"7":{"start":{"line":8,"column":0},"end":{"line":8,"column":60}},"8":{"start":{"line":9,"column":0},"end":{"line":9,"column":0}},"9":{"start":{"line":10,"column":0},"end":{"line":10,"column":72}},"10":{"start":{"line":11,"column":0},"end":{"line":11,"column":0}},"11":{"start":{"line":12,"column":0},"end":{"line":12,"column":34}},"12":{"start":{"line":13,"column":0},"end":{"line":13,"column":47}},"13":{"start":{"line":14,"column":0},"end":{"line":14,"column":37}},"14":{"start":{"line":15,"column":0},"end":{"line":15,"column":2}},"15":{"start":{"line":16,"column":0},"end":{"line":16,"column":67}},"16":{"start":{"line":17,"column":0},"end":{"line":17,"column":76}},"17":{"start":{"line":18,"column":0},"end":{"line":18,"column":77}},"18":{"start":{"line":19,"column":0},"end":{"line":19,"column":56}},"19":{"start":{"line":20,"column":0},"end":{"line":20,"column":37}},"20":{"start":{"line":21,"column":0},"end":{"line":21,"column":2}},"21":{"start":{"line":22,"column":0},"end":{"line":22,"column":0}},"22":{"start":{"line":23,"column":0},"end":{"line":23,"column":23}}},"s":{"0":1,"1":1,"2":1,"3":1,"4":1,"5":1,"6":1,"7":1,"8":1,"9":1,"10":1,"11":1,"12":12,"13":12,"14":12,"15":1,"16":6,"17":6,"18":6,"19":6,"20":6,"21":1,"22":1},"branchMap":{"0":{"type":"branch","line":8,"loc":{"start":{"line":8,"column":17},"end":{"line":8,"column":59}},"locations":[{"start":{"line":8,"column":17},"end":{"line":8,"column":59}}]},"1":{"type":"branch","line":10,"loc":{"start":{"line":10,"column":18},"end":{"line":10,"column":71}},"locations":[{"start":{"line":10,"column":18},"end":{"line":10,"column":71}}]},"2":{"type":"branch","line":12,"loc":{"start":{"line":12,"column":20},"end":{"line":15,"column":2}},"locations":[{"start":{"line":12,"column":20},"end":{"line":15,"column":2}}]},"3":{"type":"branch","line":16,"loc":{"start":{"line":16,"column":16},"end":{"line":21,"column":2}},"locations":[{"start":{"line":16,"column":16},"end":{"line":21,"column":2}}]}},"b":{"0":[12],"1":[12],"2":[12],"3":[6]},"fnMap":{"0":{"name":"getPath","decl":{"start":{"line":8,"column":17},"end":{"line":8,"column":59}},"loc":{"start":{"line":8,"column":17},"end":{"line":8,"column":59}},"line":8},"1":{"name":"readFile","decl":{"start":{"line":10,"column":18},"end":{"line":10,"column":71}},"loc":{"start":{"line":10,"column":18},"end":{"line":10,"column":71}},"line":10},"2":{"name":"findFormat","decl":{"start":{"line":12,"column":20},"end":{"line":15,"column":2}},"loc":{"start":{"line":12,"column":20},"end":{"line":15,"column":2}},"line":12},"3":{"name":"genDiff","decl":{"start":{"line":16,"column":16},"end":{"line":21,"column":2}},"loc":{"start":{"line":16,"column":16},"end":{"line":21,"column":2}},"line":16}},"f":{"0":12,"1":12,"2":12,"3":6}}
,"/home/dashulyaalex/frontend-project-46/src/parsers.js": {"path":"/home/dashulyaalex/frontend-project-46/src/parsers.js","all":false,"statementMap":{"0":{"start":{"line":1,"column":0},"end":{"line":1,"column":27}},"1":{"start":{"line":2,"column":0},"end":{"line":2,"column":0}},"2":{"start":{"line":3,"column":0},"end":{"line":3,"column":40}},"3":{"start":{"line":4,"column":0},"end":{"line":4,"column":22}},"4":{"start":{"line":5,"column":0},"end":{"line":5,"column":16}},"5":{"start":{"line":6,"column":0},"end":{"line":6,"column":30}},"6":{"start":{"line":7,"column":0},"end":{"line":7,"column":15}},"7":{"start":{"line":8,"column":0},"end":{"line":8,"column":29}},"8":{"start":{"line":9,"column":0},"end":{"line":9,"column":12}},"9":{"start":{"line":10,"column":0},"end":{"line":10,"column":18}},"10":{"start":{"line":11,"column":0},"end":{"line":11,"column":3}},"11":{"start":{"line":12,"column":0},"end":{"line":12,"column":2}},"12":{"start":{"line":13,"column":0},"end":{"line":13,"column":0}},"13":{"start":{"line":14,"column":0},"end":{"line":14,"column":25}}},"s":{"0":1,"1":1,"2":1,"3":12,"4":12,"5":6,"6":12,"7":6,"8":12,"9":0,"10":12,"11":12,"12":1,"13":1},"branchMap":{"0":{"type":"branch","line":3,"loc":{"start":{"line":3,"column":18},"end":{"line":12,"column":2}},"locations":[{"start":{"line":3,"column":18},"end":{"line":12,"column":2}}]},"1":{"type":"branch","line":5,"loc":{"start":{"line":5,"column":4},"end":{"line":6,"column":30}},"locations":[{"start":{"line":5,"column":4},"end":{"line":6,"column":30}}]},"2":{"type":"branch","line":7,"loc":{"start":{"line":7,"column":4},"end":{"line":8,"column":29}},"locations":[{"start":{"line":7,"column":4},"end":{"line":8,"column":29}}]},"3":{"type":"branch","line":9,"loc":{"start":{"line":9,"column":4},"end":{"line":10,"column":18}},"locations":[{"start":{"line":9,"column":4},"end":{"line":10,"column":18}}]}},"b":{"0":[12],"1":[6],"2":[6],"3":[0]},"fnMap":{"0":{"name":"parseFile","decl":{"start":{"line":3,"column":18},"end":{"line":12,"column":2}},"loc":{"start":{"line":3,"column":18},"end":{"line":12,"column":2}},"line":3}},"f":{"0":12}}
,"/home/dashulyaalex/frontend-project-46/src/formatters/index.js": {"path":"/home/dashulyaalex/frontend-project-46/src/formatters/index.js","all":false,"statementMap":{"0":{"start":{"line":1,"column":0},"end":{"line":1,"column":35}},"1":{"start":{"line":2,"column":0},"end":{"line":2,"column":31}},"2":{"start":{"line":3,"column":0},"end":{"line":3,"column":29}},"3":{"start":{"line":4,"column":0},"end":{"line":4,"column":0}},"4":{"start":{"line":5,"column":0},"end":{"line":5,"column":41}},"5":{"start":{"line":6,"column":0},"end":{"line":6,"column":23}},"6":{"start":{"line":7,"column":0},"end":{"line":7,"column":19}},"7":{"start":{"line":8,"column":0},"end":{"line":8,"column":27}},"8":{"start":{"line":9,"column":0},"end":{"line":9,"column":17}},"9":{"start":{"line":10,"column":0},"end":{"line":10,"column":25}},"10":{"start":{"line":11,"column":0},"end":{"line":11,"column":16}},"11":{"start":{"line":12,"column":0},"end":{"line":12,"column":24}},"12":{"start":{"line":13,"column":0},"end":{"line":13,"column":12}},"13":{"start":{"line":14,"column":0},"end":{"line":14,"column":30}},"14":{"start":{"line":15,"column":0},"end":{"line":15,"column":3}},"15":{"start":{"line":16,"column":0},"end":{"line":16,"column":2}},"16":{"start":{"line":17,"column":0},"end":{"line":17,"column":0}},"17":{"start":{"line":18,"column":0},"end":{"line":18,"column":25}}},"s":{"0":1,"1":1,"2":1,"3":1,"4":1,"5":6,"6":6,"7":2,"8":6,"9":2,"10":6,"11":2,"12":6,"13":0,"14":6,"15":6,"16":1,"17":1},"branchMap":{"0":{"type":"branch","line":5,"loc":{"start":{"line":5,"column":18},"end":{"line":16,"column":2}},"locations":[{"start":{"line":5,"column":18},"end":{"line":16,"column":2}}]},"1":{"type":"branch","line":7,"loc":{"start":{"line":7,"column":4},"end":{"line":8,"column":27}},"locations":[{"start":{"line":7,"column":4},"end":{"line":8,"column":27}}]},"2":{"type":"branch","line":9,"loc":{"start":{"line":9,"column":4},"end":{"line":10,"column":25}},"locations":[{"start":{"line":9,"column":4},"end":{"line":10,"column":25}}]},"3":{"type":"branch","line":11,"loc":{"start":{"line":11,"column":4},"end":{"line":12,"column":24}},"locations":[{"start":{"line":11,"column":4},"end":{"line":12,"column":24}}]},"4":{"type":"branch","line":13,"loc":{"start":{"line":13,"column":4},"end":{"line":14,"column":30}},"locations":[{"start":{"line":13,"column":4},"end":{"line":14,"column":30}}]}},"b":{"0":[6],"1":[2],"2":[2],"3":[2],"4":[0]},"fnMap":{"0":{"name":"formatter","decl":{"start":{"line":5,"column":18},"end":{"line":16,"column":2}},"loc":{"start":{"line":5,"column":18},"end":{"line":16,"column":2}},"line":5}},"f":{"0":6}}
,"/home/dashulyaalex/frontend-project-46/src/formatters/json.js": {"path":"/home/dashulyaalex/frontend-project-46/src/formatters/json.js","all":false,"statementMap":{"0":{"start":{"line":1,"column":0},"end":{"line":1,"column":54}}},"s":{"0":1},"branchMap":{"0":{"type":"branch","line":1,"loc":{"start":{"line":1,"column":16},"end":{"line":1,"column":53}},"locations":[{"start":{"line":1,"column":16},"end":{"line":1,"column":53}}]}},"b":{"0":[2]},"fnMap":{"0":{"name":"default","decl":{"start":{"line":1,"column":16},"end":{"line":1,"column":53}},"loc":{"start":{"line":1,"column":16},"end":{"line":1,"column":53}},"line":1}},"f":{"0":2}}
,"/home/dashulyaalex/frontend-project-46/src/formatters/plain.js": {"path":"/home/dashulyaalex/frontend-project-46/src/formatters/plain.js","all":false,"statementMap":{"0":{"start":{"line":1,"column":0},"end":{"line":1,"column":23}},"1":{"start":{"line":2,"column":0},"end":{"line":2,"column":0}},"2":{"start":{"line":3,"column":0},"end":{"line":3,"column":29}},"3":{"start":{"line":4,"column":0},"end":{"line":4,"column":25}},"4":{"start":{"line":5,"column":0},"end":{"line":5,"column":29}},"5":{"start":{"line":6,"column":0},"end":{"line":6,"column":3}},"6":{"start":{"line":7,"column":0},"end":{"line":7,"column":55}},"7":{"start":{"line":8,"column":0},"end":{"line":8,"column":2}},"8":{"start":{"line":9,"column":0},"end":{"line":9,"column":0}},"9":{"start":{"line":10,"column":0},"end":{"line":10,"column":36}},"10":{"start":{"line":11,"column":0},"end":{"line":11,"column":47}},"11":{"start":{"line":12,"column":0},"end":{"line":12,"column":84}},"12":{"start":{"line":13,"column":0},"end":{"line":13,"column":31}},"13":{"start":{"line":14,"column":0},"end":{"line":14,"column":19}},"14":{"start":{"line":15,"column":0},"end":{"line":15,"column":96}},"15":{"start":{"line":16,"column":0},"end":{"line":16,"column":21}},"16":{"start":{"line":17,"column":0},"end":{"line":17,"column":54}},"17":{"start":{"line":18,"column":0},"end":{"line":18,"column":21}},"18":{"start":{"line":19,"column":0},"end":{"line":19,"column":129}},"19":{"start":{"line":20,"column":0},"end":{"line":20,"column":20}},"20":{"start":{"line":21,"column":0},"end":{"line":21,"column":60}},"21":{"start":{"line":22,"column":0},"end":{"line":22,"column":23}},"22":{"start":{"line":23,"column":0},"end":{"line":23,"column":18}},"23":{"start":{"line":24,"column":0},"end":{"line":24,"column":14}},"24":{"start":{"line":25,"column":0},"end":{"line":25,"column":20}},"25":{"start":{"line":26,"column":0},"end":{"line":26,"column":5}},"26":{"start":{"line":27,"column":0},"end":{"line":27,"column":5}},"27":{"start":{"line":28,"column":0},"end":{"line":28,"column":26}},"28":{"start":{"line":29,"column":0},"end":{"line":29,"column":2}},"29":{"start":{"line":30,"column":0},"end":{"line":30,"column":0}},"30":{"start":{"line":31,"column":0},"end":{"line":31,"column":21}}},"s":{"0":1,"1":1,"2":1,"3":26,"4":6,"5":6,"6":26,"7":26,"8":1,"9":1,"10":10,"11":36,"12":36,"13":36,"14":10,"15":36,"16":4,"17":36,"18":8,"19":36,"20":8,"21":36,"22":6,"23":36,"24":0,"25":36,"26":10,"27":10,"28":10,"29":1,"30":1},"branchMap":{"0":{"type":"branch","line":3,"loc":{"start":{"line":3,"column":19},"end":{"line":8,"column":2}},"locations":[{"start":{"line":3,"column":19},"end":{"line":8,"column":2}}]},"1":{"type":"branch","line":4,"loc":{"start":{"line":4,"column":24},"end":{"line":6,"column":3}},"locations":[{"start":{"line":4,"column":24},"end":{"line":6,"column":3}}]},"2":{"type":"branch","line":6,"loc":{"start":{"line":6,"column":2},"end":{"line":7,"column":37}},"locations":[{"start":{"line":6,"column":2},"end":{"line":7,"column":37}}]},"3":{"type":"branch","line":7,"loc":{"start":{"line":7,"column":33},"end":{"line":7,"column":47}},"locations":[{"start":{"line":7,"column":33},"end":{"line":7,"column":47}}]},"4":{"type":"branch","line":7,"loc":{"start":{"line":7,"column":47},"end":{"line":7,"column":54}},"locations":[{"start":{"line":7,"column":47},"end":{"line":7,"column":54}}]},"5":{"type":"branch","line":10,"loc":{"start":{"line":10,"column":14},"end":{"line":29,"column":2}},"locations":[{"start":{"line":10,"column":14},"end":{"line":29,"column":2}}]},"6":{"type":"branch","line":11,"loc":{"start":{"line":11,"column":30},"end":{"line":27,"column":3}},"locations":[{"start":{"line":11,"column":30},"end":{"line":27,"column":3}}]},"7":{"type":"branch","line":12,"loc":{"start":{"line":12,"column":28},"end":{"line":12,"column":60}},"locations":[{"start":{"line":12,"column":28},"end":{"line":12,"column":60}}]},"8":{"type":"branch","line":12,"loc":{"start":{"line":12,"column":60},"end":{"line":12,"column":83}},"locations":[{"start":{"line":12,"column":60},"end":{"line":12,"column":83}}]},"9":{"type":"branch","line":14,"loc":{"start":{"line":14,"column":6},"end":{"line":15,"column":96}},"locations":[{"start":{"line":14,"column":6},"end":{"line":15,"column":96}}]},"10":{"type":"branch","line":16,"loc":{"start":{"line":16,"column":6},"end":{"line":17,"column":54}},"locations":[{"start":{"line":16,"column":6},"end":{"line":17,"column":54}}]},"11":{"type":"branch","line":18,"loc":{"start":{"line":18,"column":6},"end":{"line":19,"column":129}},"locations":[{"start":{"line":18,"column":6},"end":{"line":19,"column":129}}]},"12":{"type":"branch","line":20,"loc":{"start":{"line":20,"column":6},"end":{"line":21,"column":60}},"locations":[{"start":{"line":20,"column":6},"end":{"line":21,"column":60}}]},"13":{"type":"branch","line":22,"loc":{"start":{"line":22,"column":6},"end":{"line":23,"column":18}},"locations":[{"start":{"line":22,"column":6},"end":{"line":23,"column":18}}]},"14":{"type":"branch","line":24,"loc":{"start":{"line":24,"column":6},"end":{"line":25,"column":20}},"locations":[{"start":{"line":24,"column":6},"end":{"line":25,"column":20}}]}},"b":{"0":[26],"1":[6],"2":[20],"3":[14],"4":[6],"5":[10],"6":[36],"7":[28],"8":[8],"9":[10],"10":[4],"11":[8],"12":[8],"13":[6],"14":[0]},"fnMap":{"0":{"name":"stringify","decl":{"start":{"line":3,"column":19},"end":{"line":8,"column":2}},"loc":{"start":{"line":3,"column":19},"end":{"line":8,"column":2}},"line":3},"1":{"name":"plain","decl":{"start":{"line":10,"column":14},"end":{"line":29,"column":2}},"loc":{"start":{"line":10,"column":14},"end":{"line":29,"column":2}},"line":10}},"f":{"0":26,"1":10}}
,"/home/dashulyaalex/frontend-project-46/src/formatters/stylish.js": {"path":"/home/dashulyaalex/frontend-project-46/src/formatters/stylish.js","all":false,"statementMap":{"0":{"start":{"line":1,"column":0},"end":{"line":1,"column":23}},"1":{"start":{"line":2,"column":0},"end":{"line":2,"column":0}},"2":{"start":{"line":3,"column":0},"end":{"line":3,"column":51}},"3":{"start":{"line":4,"column":0},"end":{"line":4,"column":0}},"4":{"start":{"line":5,"column":0},"end":{"line":5,"column":40}},"5":{"start":{"line":6,"column":0},"end":{"line":6,"column":26}},"6":{"start":{"line":7,"column":0},"end":{"line":7,"column":16}},"7":{"start":{"line":8,"column":0},"end":{"line":8,"column":3}},"8":{"start":{"line":9,"column":0},"end":{"line":9,"column":22}},"9":{"start":{"line":10,"column":0},"end":{"line":10,"column":18}},"10":{"start":{"line":11,"column":0},"end":{"line":11,"column":90}},"11":{"start":{"line":12,"column":0},"end":{"line":12,"column":54}},"12":{"start":{"line":13,"column":0},"end":{"line":13,"column":2}},"13":{"start":{"line":14,"column":0},"end":{"line":14,"column":0}},"14":{"start":{"line":15,"column":0},"end":{"line":15,"column":38}},"15":{"start":{"line":16,"column":0},"end":{"line":16,"column":47}},"16":{"start":{"line":17,"column":0},"end":{"line":17,"column":31}},"17":{"start":{"line":18,"column":0},"end":{"line":18,"column":19}},"18":{"start":{"line":19,"column":0},"end":{"line":19,"column":93}},"19":{"start":{"line":20,"column":0},"end":{"line":20,"column":21}},"20":{"start":{"line":21,"column":0},"end":{"line":21,"column":93}},"21":{"start":{"line":22,"column":0},"end":{"line":22,"column":21}},"22":{"start":{"line":23,"column":0},"end":{"line":23,"column":16}},"23":{"start":{"line":24,"column":0},"end":{"line":24,"column":89}},"24":{"start":{"line":25,"column":0},"end":{"line":25,"column":89}},"25":{"start":{"line":26,"column":0},"end":{"line":26,"column":10}},"26":{"start":{"line":27,"column":0},"end":{"line":27,"column":23}},"27":{"start":{"line":28,"column":0},"end":{"line":28,"column":93}},"28":{"start":{"line":29,"column":0},"end":{"line":29,"column":20}},"29":{"start":{"line":30,"column":0},"end":{"line":30,"column":128}},"30":{"start":{"line":31,"column":0},"end":{"line":31,"column":14}},"31":{"start":{"line":32,"column":0},"end":{"line":32,"column":20}},"32":{"start":{"line":33,"column":0},"end":{"line":33,"column":5}},"33":{"start":{"line":34,"column":0},"end":{"line":34,"column":5}},"34":{"start":{"line":35,"column":0},"end":{"line":35,"column":35}},"35":{"start":{"line":36,"column":0},"end":{"line":36,"column":2}},"36":{"start":{"line":37,"column":0},"end":{"line":37,"column":0}},"37":{"start":{"line":38,"column":0},"end":{"line":38,"column":46}}},"s":{"0":1,"1":1,"2":1,"3":1,"4":1,"5":62,"6":48,"7":48,"8":14,"9":14,"10":14,"11":14,"12":14,"13":1,"14":1,"15":10,"16":36,"17":36,"18":10,"19":36,"20":4,"21":36,"22":8,"23":8,"24":8,"25":8,"26":36,"27":6,"28":36,"29":8,"30":36,"31":0,"32":36,"33":10,"34":10,"35":10,"36":1,"37":1},"branchMap":{"0":{"type":"branch","line":3,"loc":{"start":{"line":3,"column":15},"end":{"line":3,"column":50}},"locations":[{"start":{"line":3,"column":15},"end":{"line":3,"column":50}}]},"1":{"type":"branch","line":5,"loc":{"start":{"line":5,"column":18},"end":{"line":13,"column":2}},"locations":[{"start":{"line":5,"column":18},"end":{"line":13,"column":2}}]},"2":{"type":"branch","line":6,"loc":{"start":{"line":6,"column":25},"end":{"line":8,"column":3}},"locations":[{"start":{"line":6,"column":25},"end":{"line":8,"column":3}}]},"3":{"type":"branch","line":8,"loc":{"start":{"line":8,"column":2},"end":{"line":13,"column":2}},"locations":[{"start":{"line":8,"column":2},"end":{"line":13,"column":2}}]},"4":{"type":"branch","line":11,"loc":{"start":{"line":11,"column":9},"end":{"line":11,"column":88}},"locations":[{"start":{"line":11,"column":9},"end":{"line":11,"column":88}}]},"5":{"type":"branch","line":15,"loc":{"start":{"line":15,"column":16},"end":{"line":36,"column":2}},"locations":[{"start":{"line":15,"column":16},"end":{"line":36,"column":2}}]},"6":{"type":"branch","line":16,"loc":{"start":{"line":16,"column":30},"end":{"line":34,"column":3}},"locations":[{"start":{"line":16,"column":30},"end":{"line":34,"column":3}}]},"7":{"type":"branch","line":18,"loc":{"start":{"line":18,"column":6},"end":{"line":19,"column":93}},"locations":[{"start":{"line":18,"column":6},"end":{"line":19,"column":93}}]},"8":{"type":"branch","line":20,"loc":{"start":{"line":20,"column":6},"end":{"line":21,"column":93}},"locations":[{"start":{"line":20,"column":6},"end":{"line":21,"column":93}}]},"9":{"type":"branch","line":22,"loc":{"start":{"line":22,"column":6},"end":{"line":26,"column":10}},"locations":[{"start":{"line":22,"column":6},"end":{"line":26,"column":10}}]},"10":{"type":"branch","line":27,"loc":{"start":{"line":27,"column":6},"end":{"line":28,"column":93}},"locations":[{"start":{"line":27,"column":6},"end":{"line":28,"column":93}}]},"11":{"type":"branch","line":29,"loc":{"start":{"line":29,"column":6},"end":{"line":30,"column":128}},"locations":[{"start":{"line":29,"column":6},"end":{"line":30,"column":128}}]},"12":{"type":"branch","line":31,"loc":{"start":{"line":31,"column":6},"end":{"line":32,"column":20}},"locations":[{"start":{"line":31,"column":6},"end":{"line":32,"column":20}}]},"13":{"type":"branch","line":38,"loc":{"start":{"line":38,"column":16},"end":{"line":38,"column":45}},"locations":[{"start":{"line":38,"column":16},"end":{"line":38,"column":45}}]}},"b":{"0":[84],"1":[62],"2":[48],"3":[14],"4":[18],"5":[10],"6":[36],"7":[10],"8":[4],"9":[8],"10":[6],"11":[8],"12":[0],"13":[2]},"fnMap":{"0":{"name":"ident","decl":{"start":{"line":3,"column":15},"end":{"line":3,"column":50}},"loc":{"start":{"line":3,"column":15},"end":{"line":3,"column":50}},"line":3},"1":{"name":"stringify","decl":{"start":{"line":5,"column":18},"end":{"line":13,"column":2}},"loc":{"start":{"line":5,"column":18},"end":{"line":13,"column":2}},"line":5},"2":{"name":"stylish","decl":{"start":{"line":15,"column":16},"end":{"line":36,"column":2}},"loc":{"start":{"line":15,"column":16},"end":{"line":36,"column":2}},"line":15},"3":{"name":"default","decl":{"start":{"line":38,"column":16},"end":{"line":38,"column":45}},"loc":{"start":{"line":38,"column":16},"end":{"line":38,"column":45}},"line":38}},"f":{"0":84,"1":62,"2":10,"3":2}}
}
