{"/home/dashulyaalex/frontend-project-46/src/index.js": {"path":"/home/dashulyaalex/frontend-project-46/src/index.js","all":false,"statementMap":{"0":{"start":{"line":1,"column":0},"end":{"line":1,"column":34}},"1":{"start":{"line":2,"column":0},"end":{"line":2,"column":24}},"2":{"start":{"line":3,"column":0},"end":{"line":3,"column":23}},"3":{"start":{"line":4,"column":0},"end":{"line":4,"column":0}},"4":{"start":{"line":5,"column":0},"end":{"line":5,"column":60}},"5":{"start":{"line":6,"column":0},"end":{"line":6,"column":0}},"6":{"start":{"line":7,"column":0},"end":{"line":7,"column":72}},"7":{"start":{"line":8,"column":0},"end":{"line":8,"column":0}},"8":{"start":{"line":9,"column":0},"end":{"line":9,"column":39}},"9":{"start":{"line":10,"column":0},"end":{"line":10,"column":34}},"10":{"start":{"line":11,"column":0},"end":{"line":11,"column":34}},"11":{"start":{"line":12,"column":0},"end":{"line":12,"column":47}},"12":{"start":{"line":13,"column":0},"end":{"line":13,"column":40}},"13":{"start":{"line":14,"column":0},"end":{"line":14,"column":13}},"14":{"start":{"line":15,"column":0},"end":{"line":15,"column":36}},"15":{"start":{"line":16,"column":0},"end":{"line":16,"column":54}},"16":{"start":{"line":17,"column":0},"end":{"line":17,"column":43}},"17":{"start":{"line":18,"column":0},"end":{"line":18,"column":56}},"18":{"start":{"line":19,"column":0},"end":{"line":19,"column":50}},"19":{"start":{"line":20,"column":0},"end":{"line":20,"column":14}},"20":{"start":{"line":21,"column":0},"end":{"line":21,"column":67}},"21":{"start":{"line":22,"column":0},"end":{"line":22,"column":8}},"22":{"start":{"line":23,"column":0},"end":{"line":23,"column":12}},"23":{"start":{"line":24,"column":0},"end":{"line":24,"column":58}},"24":{"start":{"line":25,"column":0},"end":{"line":25,"column":5}},"25":{"start":{"line":26,"column":0},"end":{"line":26,"column":16}},"26":{"start":{"line":27,"column":0},"end":{"line":27,"column":5}},"27":{"start":{"line":28,"column":0},"end":{"line":28,"column":43}},"28":{"start":{"line":29,"column":0},"end":{"line":29,"column":26}},"29":{"start":{"line":30,"column":0},"end":{"line":30,"column":19}},"30":{"start":{"line":31,"column":0},"end":{"line":31,"column":19}},"31":{"start":{"line":32,"column":0},"end":{"line":32,"column":48}},"32":{"start":{"line":33,"column":0},"end":{"line":33,"column":21}},"33":{"start":{"line":34,"column":0},"end":{"line":34,"column":48}},"34":{"start":{"line":35,"column":0},"end":{"line":35,"column":23}},"35":{"start":{"line":36,"column":0},"end":{"line":36,"column":48}},"36":{"start":{"line":37,"column":0},"end":{"line":37,"column":21}},"37":{"start":{"line":38,"column":0},"end":{"line":38,"column":82}},"38":{"start":{"line":39,"column":0},"end":{"line":39,"column":14}},"39":{"start":{"line":40,"column":0},"end":{"line":40,"column":20}},"40":{"start":{"line":41,"column":0},"end":{"line":41,"column":5}},"41":{"start":{"line":42,"column":0},"end":{"line":42,"column":5}},"42":{"start":{"line":43,"column":0},"end":{"line":43,"column":38}},"43":{"start":{"line":44,"column":0},"end":{"line":44,"column":2}},"44":{"start":{"line":45,"column":0},"end":{"line":45,"column":0}},"45":{"start":{"line":46,"column":0},"end":{"line":46,"column":43}},"46":{"start":{"line":47,"column":0},"end":{"line":47,"column":47}},"47":{"start":{"line":48,"column":0},"end":{"line":48,"column":47}},"48":{"start":{"line":49,"column":0},"end":{"line":49,"column":35}},"49":{"start":{"line":50,"column":0},"end":{"line":50,"column":2}},"50":{"start":{"line":51,"column":0},"end":{"line":51,"column":0}},"51":{"start":{"line":52,"column":0},"end":{"line":52,"column":23}}},"s":{"0":1,"1":1,"2":1,"3":1,"4":1,"5":1,"6":1,"7":1,"8":1,"9":1,"10":1,"11":1,"12":1,"13":5,"14":5,"15":1,"16":5,"17":2,"18":2,"19":1,"20":1,"21":1,"22":1,"23":1,"24":1,"25":5,"26":1,"27":1,"28":5,"29":5,"30":5,"31":1,"32":5,"33":2,"34":5,"35":1,"36":5,"37":1,"38":5,"39":0,"40":5,"41":1,"42":1,"43":1,"44":1,"45":1,"46":1,"47":1,"48":1,"49":1,"50":1,"51":1},"branchMap":{"0":{"type":"branch","line":5,"loc":{"start":{"line":5,"column":17},"end":{"line":5,"column":59}},"locations":[{"start":{"line":5,"column":17},"end":{"line":5,"column":59}}]},"1":{"type":"branch","line":7,"loc":{"start":{"line":7,"column":18},"end":{"line":7,"column":71}},"locations":[{"start":{"line":7,"column":18},"end":{"line":7,"column":71}}]},"2":{"type":"branch","line":9,"loc":{"start":{"line":9,"column":22},"end":{"line":44,"column":2}},"locations":[{"start":{"line":9,"column":22},"end":{"line":44,"column":2}}]},"3":{"type":"branch","line":13,"loc":{"start":{"line":13,"column":31},"end":{"line":27,"column":3}},"locations":[{"start":{"line":13,"column":31},"end":{"line":27,"column":3}}]},"4":{"type":"branch","line":15,"loc":{"start":{"line":15,"column":35},"end":{"line":17,"column":5}},"locations":[{"start":{"line":15,"column":35},"end":{"line":17,"column":5}}]},"5":{"type":"branch","line":17,"loc":{"start":{"line":17,"column":5},"end":{"line":25,"column":5}},"locations":[{"start":{"line":17,"column":5},"end":{"line":25,"column":5}}]},"6":{"type":"branch","line":17,"loc":{"start":{"line":17,"column":42},"end":{"line":25,"column":5}},"locations":[{"start":{"line":17,"column":42},"end":{"line":25,"column":5}}]},"7":{"type":"branch","line":19,"loc":{"start":{"line":19,"column":49},"end":{"line":25,"column":5}},"locations":[{"start":{"line":19,"column":49},"end":{"line":25,"column":5}}]},"8":{"type":"branch","line":28,"loc":{"start":{"line":28,"column":33},"end":{"line":42,"column":3}},"locations":[{"start":{"line":28,"column":33},"end":{"line":42,"column":3}}]},"9":{"type":"branch","line":31,"loc":{"start":{"line":31,"column":6},"end":{"line":32,"column":48}},"locations":[{"start":{"line":31,"column":6},"end":{"line":32,"column":48}}]},"10":{"type":"branch","line":33,"loc":{"start":{"line":33,"column":6},"end":{"line":34,"column":48}},"locations":[{"start":{"line":33,"column":6},"end":{"line":34,"column":48}}]},"11":{"type":"branch","line":35,"loc":{"start":{"line":35,"column":6},"end":{"line":36,"column":48}},"locations":[{"start":{"line":35,"column":6},"end":{"line":36,"column":48}}]},"12":{"type":"branch","line":37,"loc":{"start":{"line":37,"column":6},"end":{"line":38,"column":82}},"locations":[{"start":{"line":37,"column":6},"end":{"line":38,"column":82}}]},"13":{"type":"branch","line":39,"loc":{"start":{"line":39,"column":6},"end":{"line":40,"column":20}},"locations":[{"start":{"line":39,"column":6},"end":{"line":40,"column":20}}]},"14":{"type":"branch","line":46,"loc":{"start":{"line":46,"column":16},"end":{"line":50,"column":2}},"locations":[{"start":{"line":46,"column":16},"end":{"line":50,"column":2}}]}},"b":{"0":[2],"1":[2],"2":[1],"3":[5],"4":[1],"5":[4],"6":[2],"7":[1],"8":[5],"9":[1],"10":[2],"11":[1],"12":[1],"13":[0],"14":[1]},"fnMap":{"0":{"name":"getPath","decl":{"start":{"line":5,"column":17},"end":{"line":5,"column":59}},"loc":{"start":{"line":5,"column":17},"end":{"line":5,"column":59}},"line":5},"1":{"name":"readFile","decl":{"start":{"line":7,"column":18},"end":{"line":7,"column":71}},"loc":{"start":{"line":7,"column":18},"end":{"line":7,"column":71}},"line":7},"2":{"name":"getDifference","decl":{"start":{"line":9,"column":22},"end":{"line":44,"column":2}},"loc":{"start":{"line":9,"column":22},"end":{"line":44,"column":2}},"line":9},"3":{"name":"genDiff","decl":{"start":{"line":46,"column":16},"end":{"line":50,"column":2}},"loc":{"start":{"line":46,"column":16},"end":{"line":50,"column":2}},"line":46}},"f":{"0":2,"1":2,"2":1,"3":1}}
}
