TN:
SF:src/getDifference.js
FN:3,getDifference
FNF:1
FNH:1
FNDA:30,getDifference
DA:1,1
DA:2,1
DA:3,1
DA:4,30
DA:5,30
DA:6,30
DA:7,30
DA:8,108
DA:9,24
DA:10,24
DA:11,108
DA:12,30
DA:13,30
DA:14,108
DA:15,12
DA:16,12
DA:17,108
DA:18,24
DA:19,24
DA:20,24
DA:21,24
DA:22,18
DA:23,30
DA:24,30
DA:25,30
DA:26,1
DA:27,1
LF:27
LH:27
BRDA:3,0,0,30
BRDA:7,1,0,108
BRDA:8,2,0,36
BRDA:8,3,0,24
BRDA:10,4,0,84
BRDA:11,5,0,30
BRDA:13,6,0,54
BRDA:14,7,0,12
BRDA:16,8,0,42
BRDA:17,9,0,24
BRDA:21,10,0,18
BRF:11
BRH:11
end_of_record
TN:
SF:src/index.js
FN:8,getPath
FN:10,readFile
FN:12,findFormat
FN:16,genDiff
FNF:4
FNH:4
FNDA:12,getPath
FNDA:12,readFile
FNDA:12,findFormat
FNDA:6,genDiff
DA:1,1
DA:2,1
DA:3,1
DA:4,1
DA:5,1
DA:6,1
DA:7,1
DA:8,1
DA:9,1
DA:10,1
DA:11,1
DA:12,1
DA:13,12
DA:14,12
DA:15,12
DA:16,1
DA:17,6
DA:18,6
DA:19,6
DA:20,6
DA:21,6
DA:22,1
DA:23,1
LF:23
LH:23
BRDA:8,0,0,12
BRDA:10,1,0,12
BRDA:12,2,0,12
BRDA:16,3,0,6
BRF:4
BRH:4
end_of_record
TN:
SF:src/parsers.js
FN:3,parseFile
FNF:1
FNH:1
FNDA:12,parseFile
DA:1,1
DA:2,1
DA:3,1
DA:4,12
DA:5,12
DA:6,6
DA:7,12
DA:8,6
DA:9,12
DA:10,0
DA:11,12
DA:12,12
DA:13,1
DA:14,1
LF:14
LH:13
BRDA:3,0,0,12
BRDA:5,1,0,6
BRDA:7,2,0,6
BRDA:9,3,0,0
BRF:4
BRH:3
end_of_record
TN:
SF:src/formatters/index.js
FN:5,formatter
FNF:1
FNH:1
FNDA:6,formatter
DA:1,1
DA:2,1
DA:3,1
DA:4,1
DA:5,1
DA:6,6
DA:7,6
DA:8,2
DA:9,6
DA:10,2
DA:11,6
DA:12,2
DA:13,6
DA:14,0
DA:15,6
DA:16,6
DA:17,1
DA:18,1
LF:18
LH:17
BRDA:5,0,0,6
BRDA:7,1,0,2
BRDA:9,2,0,2
BRDA:11,3,0,2
BRDA:13,4,0,0
BRF:5
BRH:4
end_of_record
TN:
SF:src/formatters/json.js
FN:1,default
FNF:1
FNH:1
FNDA:2,default
DA:1,1
LF:1
LH:1
BRDA:1,0,0,2
BRF:1
BRH:1
end_of_record
TN:
SF:src/formatters/plain.js
FN:3,stringify
FN:10,plain
FNF:2
FNH:2
FNDA:26,stringify
FNDA:10,plain
DA:1,1
DA:2,1
DA:3,1
DA:4,26
DA:5,6
DA:6,6
DA:7,26
DA:8,26
DA:9,1
DA:10,1
DA:11,10
DA:12,36
DA:13,36
DA:14,36
DA:15,10
DA:16,36
DA:17,4
DA:18,36
DA:19,8
DA:20,36
DA:21,8
DA:22,36
DA:23,6
DA:24,36
DA:25,0
DA:26,36
DA:27,10
DA:28,10
DA:29,10
DA:30,1
DA:31,1
LF:31
LH:30
BRDA:3,0,0,26
BRDA:4,1,0,6
BRDA:6,2,0,20
BRDA:7,3,0,14
BRDA:7,4,0,6
BRDA:10,5,0,10
BRDA:11,6,0,36
BRDA:12,7,0,28
BRDA:12,8,0,8
BRDA:14,9,0,10
BRDA:16,10,0,4
BRDA:18,11,0,8
BRDA:20,12,0,8
BRDA:22,13,0,6
BRDA:24,14,0,0
BRF:15
BRH:14
end_of_record
TN:
SF:src/formatters/stylish.js
FN:3,ident
FN:5,stringify
FN:15,stylish
FN:38,default
FNF:4
FNH:4
FNDA:84,ident
FNDA:62,stringify
FNDA:10,stylish
FNDA:2,default
DA:1,1
DA:2,1
DA:3,1
DA:4,1
DA:5,1
DA:6,62
DA:7,48
DA:8,48
DA:9,14
DA:10,14
DA:11,14
DA:12,14
DA:13,14
DA:14,1
DA:15,1
DA:16,10
DA:17,36
DA:18,36
DA:19,10
DA:20,36
DA:21,4
DA:22,36
DA:23,8
DA:24,8
DA:25,8
DA:26,8
DA:27,36
DA:28,6
DA:29,36
DA:30,8
DA:31,36
DA:32,0
DA:33,36
DA:34,10
DA:35,10
DA:36,10
DA:37,1
DA:38,1
LF:38
LH:37
BRDA:3,0,0,84
BRDA:5,1,0,62
BRDA:6,2,0,48
BRDA:8,3,0,14
BRDA:11,4,0,18
BRDA:15,5,0,10
BRDA:16,6,0,36
BRDA:18,7,0,10
BRDA:20,8,0,4
BRDA:22,9,0,8
BRDA:27,10,0,6
BRDA:29,11,0,8
BRDA:31,12,0,0
BRDA:38,13,0,2
BRF:14
BRH:13
end_of_record
