TN:
SF:src/getDifference.js
FN:3,getDifference
FNF:1
FNH:1
FNDA:10,getDifference
DA:1,1
DA:2,1
DA:3,1
DA:4,10
DA:5,10
DA:6,10
DA:7,10
DA:8,10
DA:9,10
DA:10,10
DA:11,10
DA:12,10
DA:13,10
DA:14,10
DA:15,36
DA:16,8
DA:17,8
DA:18,36
DA:19,10
DA:20,10
DA:21,36
DA:22,4
DA:23,4
DA:24,36
DA:25,8
DA:26,8
DA:27,6
DA:28,10
DA:29,10
DA:30,10
DA:31,1
DA:32,1
LF:32
LH:32
BRDA:3,0,0,10
BRDA:14,1,0,36
BRDA:15,2,0,12
BRDA:15,3,0,8
BRDA:17,4,0,28
BRDA:18,5,0,10
BRDA:20,6,0,18
BRDA:21,7,0,4
BRDA:23,8,0,14
BRDA:24,9,0,8
BRDA:26,10,0,6
BRF:11
BRH:11
end_of_record
TN:
SF:src/index.js
FN:6,genDiff
FNF:1
FNH:1
FNDA:2,genDiff
DA:1,1
DA:2,1
DA:3,1
DA:4,1
DA:5,1
DA:6,1
DA:7,2
DA:8,2
DA:9,2
DA:10,2
DA:11,2
DA:12,1
DA:13,1
LF:13
LH:13
BRDA:6,0,0,2
BRF:1
BRH:1
end_of_record
TN:
SF:src/parsers.js
FN:6,getPath
FN:8,readFile
FN:10,parseFile
FNF:3
FNH:3
FNDA:4,getPath
FNDA:4,readFile
FNDA:4,parseFile
DA:1,1
DA:2,1
DA:3,1
DA:4,1
DA:5,1
DA:6,1
DA:7,1
DA:8,1
DA:9,1
DA:10,1
DA:11,4
DA:12,4
DA:13,4
DA:14,4
DA:15,2
DA:16,4
DA:17,2
DA:18,4
DA:19,4
DA:20,1
DA:21,1
LF:21
LH:21
BRDA:6,0,0,4
BRDA:8,1,0,4
BRDA:10,2,0,4
BRDA:14,3,0,2
BRDA:16,4,0,2
BRF:5
BRH:5
end_of_record
TN:
SF:src/formatters/index.js
FN:3,formatter
FNF:1
FNH:1
FNDA:2,formatter
DA:1,1
DA:2,1
DA:3,1
DA:4,2
DA:5,2
DA:6,2
DA:7,2
DA:8,1
LF:8
LH:8
BRDA:3,0,0,2
BRF:1
BRH:1
end_of_record
TN:
SF:src/formatters/stylish.js
FN:3,ident
FN:5,stringify
FN:15,stylish
FN:38,default
FNF:4
FNH:4
FNDA:84,ident
FNDA:62,stringify
FNDA:10,stylish
FNDA:2,default
DA:1,1
DA:2,1
DA:3,1
DA:4,1
DA:5,1
DA:6,62
DA:7,48
DA:8,48
DA:9,14
DA:10,14
DA:11,14
DA:12,14
DA:13,14
DA:14,1
DA:15,1
DA:16,10
DA:17,36
DA:18,36
DA:19,10
DA:20,36
DA:21,4
DA:22,36
DA:23,8
DA:24,8
DA:25,8
DA:26,8
DA:27,36
DA:28,6
DA:29,36
DA:30,8
DA:31,36
DA:32,0
DA:33,36
DA:34,10
DA:35,10
DA:36,10
DA:37,1
DA:38,1
LF:38
LH:37
BRDA:3,0,0,84
BRDA:5,1,0,62
BRDA:6,2,0,48
BRDA:8,3,0,14
BRDA:11,4,0,18
BRDA:15,5,0,10
BRDA:16,6,0,36
BRDA:18,7,0,10
BRDA:20,8,0,4
BRDA:22,9,0,8
BRDA:27,10,0,6
BRDA:29,11,0,8
BRDA:31,12,0,0
BRDA:38,13,0,2
BRF:14
BRH:13
end_of_record
